<?xml version="1.0" encoding="UTF-8"?>
<!-- Generated by org.testng.reporters.JUnitXMLReporter -->
<testsuite ignored="0" hostname="LAPTOP-1099MA6U" failures="0" tests="8" name="create-wallet-1" time="23.148" errors="0" timestamp="25 Jan 2024 19:12:13 GMT">
  <testcase classname="tests.java.com.karora.test.trustwallet.CreateBasicWalletTest" name="getStarted" time="1.516"/>
  <testcase classname="tests.java.com.karora.test.trustwallet.CreateBasicWalletTest" name="selectCreateNewWallet" time="1.687"/>
  <testcase classname="tests.java.com.karora.test.trustwallet.CreateBasicWalletTest" name="backUpSecretPhrase" time="0.951"/>
  <testcase classname="tests.java.com.karora.test.trustwallet.CreateBasicWalletTest" name="createPasscode" time="4.052"/>
  <testcase classname="tests.java.com.karora.test.trustwallet.CreateBasicWalletTest" name="reEnterPasscode" time="1.216"/>
  <testcase classname="tests.java.com.karora.test.trustwallet.CreateBasicWalletTest" name="denyBiometric" time="2.306"/>
  <testcase classname="tests.java.com.karora.test.trustwallet.CreateBasicWalletTest" name="startUsingTrustwallet" time="1.341"/>
  <testcase classname="tests.java.com.karora.test.trustwallet.CreateBasicWalletTest" name="assertWalletCreated" time="0.304"/>
</testsuite> <!-- create-wallet-1 -->
