<?xml version="1.0" encoding="UTF-8"?>
<testng-results ignored="0" total="11" passed="11" failed="0" skipped="0">
  <reporter-output>
  </reporter-output>
  <suite started-at="2024-01-25T19:11:50Z" name="trust-wallet" finished-at="2024-01-25T19:12:27Z" duration-ms="36352">
    <groups>
    </groups>
    <test started-at="2024-01-25T19:11:50Z" name="create-wallet-1" finished-at="2024-01-25T19:12:13Z" duration-ms="23148">
      <class name="tests.java.com.karora.test.trustwallet.CreateBasicWalletTest">
        <test-method is-config="true" signature="setup()[pri:0, instance:tests.java.com.karora.test.trustwallet.CreateBasicWalletTest@49c66ade]" started-at="2024-01-25T19:11:50Z" name="setup" finished-at="2024-01-25T19:11:59Z" duration-ms="9235" status="PASS">
          <reporter-output>
          </reporter-output>
        </test-method> <!-- setup -->
        <test-method signature="getStarted()[pri:0, instance:tests.java.com.karora.test.trustwallet.CreateBasicWalletTest@49c66ade]" started-at="2024-01-25T19:11:59Z" name="getStarted" finished-at="2024-01-25T19:12:01Z" duration-ms="1516" status="PASS">
          <reporter-output>
          </reporter-output>
        </test-method> <!-- getStarted -->
        <test-method signature="selectCreateNewWallet()[pri:0, instance:tests.java.com.karora.test.trustwallet.CreateBasicWalletTest@49c66ade]" started-at="2024-01-25T19:12:01Z" name="selectCreateNewWallet" finished-at="2024-01-25T19:12:03Z" depends-on-methods="tests.java.com.karora.test.trustwallet.CreateBasicWalletTest.getStarted" duration-ms="1687" status="PASS">
          <reporter-output>
          </reporter-output>
        </test-method> <!-- selectCreateNewWallet -->
        <test-method signature="backUpSecretPhrase()[pri:0, instance:tests.java.com.karora.test.trustwallet.CreateBasicWalletTest@49c66ade]" started-at="2024-01-25T19:12:03Z" name="backUpSecretPhrase" finished-at="2024-01-25T19:12:04Z" depends-on-methods="tests.java.com.karora.test.trustwallet.CreateBasicWalletTest.selectCreateNewWallet" duration-ms="951" status="PASS">
          <reporter-output>
          </reporter-output>
        </test-method> <!-- backUpSecretPhrase -->
        <test-method signature="createPasscode()[pri:0, instance:tests.java.com.karora.test.trustwallet.CreateBasicWalletTest@49c66ade]" started-at="2024-01-25T19:12:04Z" name="createPasscode" finished-at="2024-01-25T19:12:08Z" depends-on-methods="tests.java.com.karora.test.trustwallet.CreateBasicWalletTest.backUpSecretPhrase" duration-ms="4052" status="PASS">
          <reporter-output>
          </reporter-output>
        </test-method> <!-- createPasscode -->
        <test-method signature="reEnterPasscode()[pri:0, instance:tests.java.com.karora.test.trustwallet.CreateBasicWalletTest@49c66ade]" started-at="2024-01-25T19:12:08Z" name="reEnterPasscode" finished-at="2024-01-25T19:12:09Z" depends-on-methods="tests.java.com.karora.test.trustwallet.CreateBasicWalletTest.createPasscode" duration-ms="1216" status="PASS">
          <reporter-output>
          </reporter-output>
        </test-method> <!-- reEnterPasscode -->
        <test-method signature="denyBiometric()[pri:0, instance:tests.java.com.karora.test.trustwallet.CreateBasicWalletTest@49c66ade]" started-at="2024-01-25T19:12:09Z" name="denyBiometric" finished-at="2024-01-25T19:12:11Z" depends-on-methods="tests.java.com.karora.test.trustwallet.CreateBasicWalletTest.reEnterPasscode" duration-ms="2306" status="PASS">
          <reporter-output>
          </reporter-output>
        </test-method> <!-- denyBiometric -->
        <test-method signature="startUsingTrustwallet()[pri:0, instance:tests.java.com.karora.test.trustwallet.CreateBasicWalletTest@49c66ade]" started-at="2024-01-25T19:12:11Z" name="startUsingTrustwallet" finished-at="2024-01-25T19:12:13Z" depends-on-methods="tests.java.com.karora.test.trustwallet.CreateBasicWalletTest.denyBiometric" duration-ms="1341" status="PASS">
          <reporter-output>
          </reporter-output>
        </test-method> <!-- startUsingTrustwallet -->
        <test-method signature="assertWalletCreated()[pri:0, instance:tests.java.com.karora.test.trustwallet.CreateBasicWalletTest@49c66ade]" started-at="2024-01-25T19:12:13Z" name="assertWalletCreated" finished-at="2024-01-25T19:12:13Z" depends-on-methods="tests.java.com.karora.test.trustwallet.CreateBasicWalletTest.startUsingTrustwallet" duration-ms="304" status="PASS">
          <reporter-output>
          </reporter-output>
        </test-method> <!-- assertWalletCreated -->
        <test-method is-config="true" signature="teardown()[pri:0, instance:tests.java.com.karora.test.trustwallet.CreateBasicWalletTest@49c66ade]" started-at="2024-01-25T19:12:13Z" name="teardown" finished-at="2024-01-25T19:12:13Z" duration-ms="511" status="PASS">
          <reporter-output>
          </reporter-output>
        </test-method> <!-- teardown -->
      </class> <!-- tests.java.com.karora.test.trustwallet.CreateBasicWalletTest -->
    </test> <!-- create-wallet-1 -->
    <test started-at="2024-01-25T19:12:13Z" name="create-wallet-with-Google" finished-at="2024-01-25T19:12:27Z" duration-ms="13163">
      <class name="tests.java.com.karora.test.trustwallet.CreateWalletGoogleDriveTest">
        <test-method is-config="true" signature="setup()[pri:0, instance:tests.java.com.karora.test.trustwallet.CreateWalletGoogleDriveTest@4716be8b]" started-at="2024-01-25T19:12:13Z" name="setup" finished-at="2024-01-25T19:12:22Z" duration-ms="8657" status="PASS">
          <reporter-output>
          </reporter-output>
        </test-method> <!-- setup -->
        <test-method signature="getStarted()[pri:0, instance:tests.java.com.karora.test.trustwallet.CreateWalletGoogleDriveTest@4716be8b]" started-at="2024-01-25T19:12:22Z" name="getStarted" finished-at="2024-01-25T19:12:24Z" duration-ms="1539" status="PASS">
          <reporter-output>
          </reporter-output>
        </test-method> <!-- getStarted -->
        <test-method signature="selectCreateNewWallet()[pri:0, instance:tests.java.com.karora.test.trustwallet.CreateWalletGoogleDriveTest@4716be8b]" started-at="2024-01-25T19:12:24Z" name="selectCreateNewWallet" finished-at="2024-01-25T19:12:25Z" depends-on-methods="tests.java.com.karora.test.trustwallet.CreateWalletGoogleDriveTest.getStarted" duration-ms="1143" status="PASS">
          <reporter-output>
          </reporter-output>
        </test-method> <!-- selectCreateNewWallet -->
        <test-method signature="backUpSecretPhrase()[pri:0, instance:tests.java.com.karora.test.trustwallet.CreateWalletGoogleDriveTest@4716be8b]" started-at="2024-01-25T19:12:25Z" name="backUpSecretPhrase" finished-at="2024-01-25T19:12:26Z" depends-on-methods="tests.java.com.karora.test.trustwallet.CreateWalletGoogleDriveTest.selectCreateNewWallet" duration-ms="1367" status="PASS">
          <reporter-output>
          </reporter-output>
        </test-method> <!-- backUpSecretPhrase -->
        <test-method is-config="true" signature="teardown()[pri:0, instance:tests.java.com.karora.test.trustwallet.CreateWalletGoogleDriveTest@4716be8b]" started-at="2024-01-25T19:12:26Z" name="teardown" finished-at="2024-01-25T19:12:27Z" duration-ms="453" status="PASS">
          <reporter-output>
          </reporter-output>
        </test-method> <!-- teardown -->
      </class> <!-- tests.java.com.karora.test.trustwallet.CreateWalletGoogleDriveTest -->
    </test> <!-- create-wallet-with-Google -->
  </suite> <!-- trust-wallet -->
</testng-results>
